have_struct_member: checking for rb_method_entry_t.called_id in method.h... -------------------- no

"clang -o conftest -I/Users/zrfield/.rbenv/versions/2.0.0-p0/include/ruby-2.0.0/x86_64-darwin12.4.0 -I/Users/zrfield/.rbenv/versions/2.0.0-p0/include/ruby-2.0.0/ruby/backward -I/Users/zrfield/.rbenv/versions/2.0.0-p0/include/ruby-2.0.0 -I. -I/Users/zrfield/.rbenv/versions/2.0.0-p0/include/ruby-2.0.0/ruby-2.0.0-p0 -I'/Users/zrfield/.rbenv/versions/2.0.0-p0/include'  -D_XOPEN_SOURCE -D_DARWIN_C_SOURCE -D_DARWIN_UNLIMITED_SELECT -D_REENTRANT    -O3 -Wno-error=shorten-64-to-32  -pipe conftest.c  -L. -L/Users/zrfield/.rbenv/versions/2.0.0-p0/lib -L. -L'/Users/zrfield/.rbenv/versions/2.0.0-p0/lib'      -lruby-static  -lpthread -ldl -lobjc "
checked program was:
/* begin */
1: #include "ruby.h"
2: 
3: int main(void) {return 0;}
/* end */

"clang -I/Users/zrfield/.rbenv/versions/2.0.0-p0/include/ruby-2.0.0/x86_64-darwin12.4.0 -I/Users/zrfield/.rbenv/versions/2.0.0-p0/include/ruby-2.0.0/ruby/backward -I/Users/zrfield/.rbenv/versions/2.0.0-p0/include/ruby-2.0.0 -I. -I/Users/zrfield/.rbenv/versions/2.0.0-p0/include/ruby-2.0.0/ruby-2.0.0-p0 -I'/Users/zrfield/.rbenv/versions/2.0.0-p0/include'  -D_XOPEN_SOURCE -D_DARWIN_C_SOURCE -D_DARWIN_UNLIMITED_SELECT -D_REENTRANT    -O3 -Wno-error=shorten-64-to-32  -pipe   -c conftest.c"
conftest.c:3:10: fatal error: 'method.h' file not found
#include <method.h>
         ^
1 error generated.
checked program was:
/* begin */
1: #include "ruby.h"
2: 
3: #include <method.h>
4: 
5: /*top*/
6: int main(void) {return 0;}
7: int s = (char *)&((rb_method_entry_t*)0)->called_id - (char *)0;
/* end */

--------------------

have_struct_member: checking for rb_control_frame_t.method_id in method.h... -------------------- no

"clang -I/Users/zrfield/.rbenv/versions/2.0.0-p0/include/ruby-2.0.0/x86_64-darwin12.4.0 -I/Users/zrfield/.rbenv/versions/2.0.0-p0/include/ruby-2.0.0/ruby/backward -I/Users/zrfield/.rbenv/versions/2.0.0-p0/include/ruby-2.0.0 -I. -I/Users/zrfield/.rbenv/versions/2.0.0-p0/include/ruby-2.0.0/ruby-2.0.0-p0 -I'/Users/zrfield/.rbenv/versions/2.0.0-p0/include'  -D_XOPEN_SOURCE -D_DARWIN_C_SOURCE -D_DARWIN_UNLIMITED_SELECT -D_REENTRANT    -O3 -Wno-error=shorten-64-to-32  -pipe   -c conftest.c"
conftest.c:3:10: fatal error: 'method.h' file not found
#include <method.h>
         ^
1 error generated.
checked program was:
/* begin */
1: #include "ruby.h"
2: 
3: #include <method.h>
4: 
5: /*top*/
6: int main(void) {return 0;}
7: int s = (char *)&((rb_control_frame_t*)0)->method_id - (char *)0;
/* end */

--------------------

have_struct_member: checking for rb_method_entry_t.called_id in method.h... -------------------- no

"clang -I/Users/zrfield/.rbenv/versions/2.0.0-p0/include/ruby-2.0.0/x86_64-darwin12.4.0 -I/Users/zrfield/.rbenv/versions/2.0.0-p0/include/ruby-2.0.0/ruby/backward -I/Users/zrfield/.rbenv/versions/2.0.0-p0/include/ruby-2.0.0 -I. -I/Users/zrfield/.rbenv/versions/2.0.0-p0/include/ruby-2.0.0/ruby-2.0.0-p0  -O3 -Wno-error=shorten-64-to-32  -pipe   -c conftest.c"
conftest.c:3:10: fatal error: 'method.h' file not found
#include <method.h>
         ^
1 error generated.
checked program was:
/* begin */
1: #include "ruby.h"
2: 
3: #include <method.h>
4: 
5: /*top*/
6: int main(void) {return 0;}
7: int s = (char *)&((rb_method_entry_t*)0)->called_id - (char *)0;
/* end */

--------------------

have_struct_member: checking for rb_control_frame_t.method_id in method.h... -------------------- no

"clang -I/Users/zrfield/.rbenv/versions/2.0.0-p0/include/ruby-2.0.0/x86_64-darwin12.4.0 -I/Users/zrfield/.rbenv/versions/2.0.0-p0/include/ruby-2.0.0/ruby/backward -I/Users/zrfield/.rbenv/versions/2.0.0-p0/include/ruby-2.0.0 -I. -I/Users/zrfield/.rbenv/versions/2.0.0-p0/include/ruby-2.0.0/ruby-2.0.0-p0  -O3 -Wno-error=shorten-64-to-32  -pipe   -c conftest.c"
conftest.c:3:10: fatal error: 'method.h' file not found
#include <method.h>
         ^
1 error generated.
checked program was:
/* begin */
1: #include "ruby.h"
2: 
3: #include <method.h>
4: 
5: /*top*/
6: int main(void) {return 0;}
7: int s = (char *)&((rb_control_frame_t*)0)->method_id - (char *)0;
/* end */

--------------------

have_struct_member: checking for rb_method_entry_t.called_id in method.h... -------------------- yes

"clang -I/Users/zrfield/.rbenv/versions/2.0.0-p0/include/ruby-2.0.0/x86_64-darwin12.4.0 -I/Users/zrfield/.rbenv/versions/2.0.0-p0/include/ruby-2.0.0/ruby/backward -I/Users/zrfield/.rbenv/versions/2.0.0-p0/include/ruby-2.0.0 -I. -I/Users/zrfield/makeIt/make-it-3D/vendor/bundle/gems/debugger-ruby_core_source-1.2.3/lib/debugger/ruby_core_source/ruby-2.0.0-p0  -O3 -Wno-error=shorten-64-to-32  -pipe   -c conftest.c"
checked program was:
/* begin */
1: #include "ruby.h"
2: 
3: #include <method.h>
4: 
5: /*top*/
6: int main(void) {return 0;}
7: int s = (char *)&((rb_method_entry_t*)0)->called_id - (char *)0;
/* end */

--------------------

have_header: checking for vm_core.h... -------------------- yes

"clang -E -I/Users/zrfield/.rbenv/versions/2.0.0-p0/include/ruby-2.0.0/x86_64-darwin12.4.0 -I/Users/zrfield/.rbenv/versions/2.0.0-p0/include/ruby-2.0.0/ruby/backward -I/Users/zrfield/.rbenv/versions/2.0.0-p0/include/ruby-2.0.0 -I. -I/Users/zrfield/makeIt/make-it-3D/vendor/bundle/gems/debugger-ruby_core_source-1.2.3/lib/debugger/ruby_core_source/ruby-2.0.0-p0  -O3 -Wno-error=shorten-64-to-32  -pipe  conftest.c -o conftest.i"
checked program was:
/* begin */
1: #include "ruby.h"
2: 
3: #include <vm_core.h>
/* end */

--------------------

have_header: checking for iseq.h... -------------------- yes

"clang -E -I/Users/zrfield/.rbenv/versions/2.0.0-p0/include/ruby-2.0.0/x86_64-darwin12.4.0 -I/Users/zrfield/.rbenv/versions/2.0.0-p0/include/ruby-2.0.0/ruby/backward -I/Users/zrfield/.rbenv/versions/2.0.0-p0/include/ruby-2.0.0 -I. -I/Users/zrfield/makeIt/make-it-3D/vendor/bundle/gems/debugger-ruby_core_source-1.2.3/lib/debugger/ruby_core_source/ruby-2.0.0-p0  -O3 -Wno-error=shorten-64-to-32  -pipe  conftest.c -o conftest.i"
checked program was:
/* begin */
1: #include "ruby.h"
2: 
3: #include <iseq.h>
/* end */

--------------------

have_header: checking for insns.inc... -------------------- yes

"clang -E -I/Users/zrfield/.rbenv/versions/2.0.0-p0/include/ruby-2.0.0/x86_64-darwin12.4.0 -I/Users/zrfield/.rbenv/versions/2.0.0-p0/include/ruby-2.0.0/ruby/backward -I/Users/zrfield/.rbenv/versions/2.0.0-p0/include/ruby-2.0.0 -I. -I/Users/zrfield/makeIt/make-it-3D/vendor/bundle/gems/debugger-ruby_core_source-1.2.3/lib/debugger/ruby_core_source/ruby-2.0.0-p0  -O3 -Wno-error=shorten-64-to-32  -pipe  conftest.c -o conftest.i"
checked program was:
/* begin */
1: #include "ruby.h"
2: 
3: #include <insns.inc>
/* end */

--------------------

have_header: checking for insns_info.inc... -------------------- yes

"clang -E -I/Users/zrfield/.rbenv/versions/2.0.0-p0/include/ruby-2.0.0/x86_64-darwin12.4.0 -I/Users/zrfield/.rbenv/versions/2.0.0-p0/include/ruby-2.0.0/ruby/backward -I/Users/zrfield/.rbenv/versions/2.0.0-p0/include/ruby-2.0.0 -I. -I/Users/zrfield/makeIt/make-it-3D/vendor/bundle/gems/debugger-ruby_core_source-1.2.3/lib/debugger/ruby_core_source/ruby-2.0.0-p0  -O3 -Wno-error=shorten-64-to-32  -pipe  conftest.c -o conftest.i"
checked program was:
/* begin */
1: #include "ruby.h"
2: 
3: #include <insns_info.inc>
/* end */

--------------------

have_header: checking for eval_intern.h... -------------------- yes

"clang -E -I/Users/zrfield/.rbenv/versions/2.0.0-p0/include/ruby-2.0.0/x86_64-darwin12.4.0 -I/Users/zrfield/.rbenv/versions/2.0.0-p0/include/ruby-2.0.0/ruby/backward -I/Users/zrfield/.rbenv/versions/2.0.0-p0/include/ruby-2.0.0 -I. -I/Users/zrfield/makeIt/make-it-3D/vendor/bundle/gems/debugger-ruby_core_source-1.2.3/lib/debugger/ruby_core_source/ruby-2.0.0-p0  -O3 -Wno-error=shorten-64-to-32  -pipe  conftest.c -o conftest.i"
checked program was:
/* begin */
1: #include "ruby.h"
2: 
3: #include <eval_intern.h>
/* end */

--------------------

have_type: checking for struct iseq_line_info_entry in vm_core.h,iseq.h... -------------------- yes

"clang -I/Users/zrfield/.rbenv/versions/2.0.0-p0/include/ruby-2.0.0/x86_64-darwin12.4.0 -I/Users/zrfield/.rbenv/versions/2.0.0-p0/include/ruby-2.0.0/ruby/backward -I/Users/zrfield/.rbenv/versions/2.0.0-p0/include/ruby-2.0.0 -I. -I/Users/zrfield/makeIt/make-it-3D/vendor/bundle/gems/debugger-ruby_core_source-1.2.3/lib/debugger/ruby_core_source/ruby-2.0.0-p0  -O3 -Wno-error=shorten-64-to-32  -pipe   -c conftest.c"
checked program was:
/* begin */
1: #include "ruby.h"
2: 
3: #include <vm_core.h>
4: #include <iseq.h>
5: 
6: /*top*/
7: typedef struct iseq_line_info_entry conftest_type;
8: int conftestval[sizeof(conftest_type)?1:-1];
/* end */

--------------------

block in <main>: checking for if rb_iseq_compile_with_option was added an argument filepath... -------------------- yes

"clang -I/Users/zrfield/.rbenv/versions/2.0.0-p0/include/ruby-2.0.0/x86_64-darwin12.4.0 -I/Users/zrfield/.rbenv/versions/2.0.0-p0/include/ruby-2.0.0/ruby/backward -I/Users/zrfield/.rbenv/versions/2.0.0-p0/include/ruby-2.0.0 -I. -I/Users/zrfield/makeIt/make-it-3D/vendor/bundle/gems/debugger-ruby_core_source-1.2.3/lib/debugger/ruby_core_source/ruby-2.0.0-p0  -O3 -Wno-error=shorten-64-to-32  -pipe   -c conftest.c"
checked program was:
/* begin */
1: #include "ruby.h"
2: 
3: #include <ruby.h>
4: #include "vm_core.h"
5: extern VALUE rb_iseq_new_main(NODE *node, VALUE filename, VALUE filepath);
/* end */

--------------------

